Using pre-set license

 COMMAND LINE ARGUMENTS:
/Applications/Unity/Unity.app/Contents/MacOS/Unity
-adb2
-batchMode
-noUpm
-name
AssetImportWorker0
-projectPath
/Users/imintsao/Documents/GitHub/iminBranchMac/MathematicalSurfacesImin
-logFile
Logs/AssetImportWorker0.log
-srvPort
54237
Successfully changed project path to: /Users/imintsao/Documents/GitHub/iminBranchMac/MathematicalSurfacesImin
/Users/imintsao/Documents/GitHub/iminBranchMac/MathematicalSurfacesImin
Using Asset Import Pipeline V2.
Refreshing native plugins compatible for Editor in 19.56 ms, found 1 plugins.
Preloading 0 native plugins for Editor in 0.00 ms.
Initialize engine version: 2020.3.5f1 (8095aa901b9b)
[Subsystems] Discovering subsystems at path /Applications/Unity/Unity.app/Contents/Resources/UnitySubsystems
[Subsystems] Discovering subsystems at path /Users/imintsao/Documents/GitHub/iminBranchMac/MathematicalSurfacesImin/Assets
GfxDevice: creating device client; threaded=0
2021-05-19 16:17:14.826 Unity[3325:130720] DELL U2518D preferred device: AMD Radeon Pro 555X (high power)
2021-05-19 16:17:14.826 Unity[3325:130720] Metal devices available: 2
2021-05-19 16:17:14.826 Unity[3325:130720] 0: AMD Radeon Pro 555X (high power)
2021-05-19 16:17:14.826 Unity[3325:130720] 1: Intel(R) UHD Graphics 630 (low power)
2021-05-19 16:17:14.827 Unity[3325:130720] Using device AMD Radeon Pro 555X (high power)
Initializing Metal device caps: AMD Radeon Pro 555X
Initialize mono
Mono path[0] = '/Applications/Unity/Unity.app/Contents/Managed'
Mono path[1] = '/Applications/Unity/Unity.app/Contents/MonoBleedingEdge/lib/mono/unityjit'
Mono config path = '/Applications/Unity/Unity.app/Contents/MonoBleedingEdge/etc'
Using monoOptions --debugger-agent=transport=dt_socket,embedding=1,server=y,suspend=n,address=127.0.0.1:56325
Begin MonoManager ReloadAssembly
Registering precompiled unity dll's ...
Register platform support module: /Applications/Unity/Unity.app/Contents/PlaybackEngines/MacStandaloneSupport/UnityEditor.OSXStandalone.Extensions.dll
Register platform support module: /Applications/Unity/PlaybackEngines/WindowsStandaloneSupport/UnityEditor.WindowsStandalone.Extensions.dll
Registered in 0.000594 seconds.
Native extension for WindowsStandalone target not found
Native extension for OSXStandalone target not found
Refreshing native plugins compatible for Editor in 20.52 ms, found 1 plugins.
Preloading 0 native plugins for Editor in 0.00 ms.
Mono: successfully reloaded assembly
- Completed reload, in  1.571 seconds
Platform modules already initialized, skipping
Registering precompiled user dll's ...
Registered in 0.000302 seconds.
Begin MonoManager ReloadAssembly
Native extension for WindowsStandalone target not found
Native extension for OSXStandalone target not found
Refreshing native plugins compatible for Editor in 0.18 ms, found 1 plugins.
Preloading 0 native plugins for Editor in 0.00 ms.
Mono: successfully reloaded assembly
- Completed reload, in  0.884 seconds
Platform modules already initialized, skipping
========================================================================
Worker process is ready to serve import requests
Launching external process: /Applications/Unity/Unity.app/Contents/Tools/UnityShaderCompiler
Launched and connected shader compiler UnityShaderCompiler after 0.01 seconds
Refreshing native plugins compatible for Editor in 0.19 ms, found 1 plugins.
Preloading 0 native plugins for Editor in 0.00 ms.
Unloading 1115 Unused Serialized files (Serialized files now loaded: 0)
System memory in use before: 108.8 MB.
System memory in use after: 108.8 MB.

Unloading 10 unused Assets to reduce memory usage. Loaded Objects now: 1557.
Total: 2.291802 ms (FindLiveObjects: 0.178895 ms CreateObjectMapping: 0.052462 ms MarkObjects: 1.970759 ms  DeleteObjects: 0.088166 ms)

========================================================================
Received Import Request.
  path: Assets/Scripts
  artifactKey: Guid(74f59a8910f3c4b52bd74a24890785a9) Importer(815301076,1909f56bfc062723c751e8b465ee728b)
Start importing Assets/Scripts using Guid(74f59a8910f3c4b52bd74a24890785a9) Importer(815301076,1909f56bfc062723c751e8b465ee728b)  -> (artifact id: '80159d35521b5049f8e55a8d6fda4c3b') in 0.004790 seconds
  Import took 0.008452 seconds .

========================================================================
Received Import Request.
  Time since last request: 17.078233 seconds.
  path: Assets/Scenes
  artifactKey: Guid(debdbe9069ed840988a787b554691165) Importer(815301076,1909f56bfc062723c751e8b465ee728b)
Start importing Assets/Scenes using Guid(debdbe9069ed840988a787b554691165) Importer(815301076,1909f56bfc062723c751e8b465ee728b)  -> (artifact id: 'd4f0daa109771ce7d8f3f08ce4ed96b3') in 0.000945 seconds
  Import took 0.003625 seconds .

========================================================================
Received Import Request.
  Time since last request: 32.608575 seconds.
  path: Assets/Scenes/SampleScene.unity
  artifactKey: Guid(9fc0d4010bbf28b4594072e72b8655ab) Importer(815301076,1909f56bfc062723c751e8b465ee728b)
Start importing Assets/Scenes/SampleScene.unity using Guid(9fc0d4010bbf28b4594072e72b8655ab) Importer(815301076,1909f56bfc062723c751e8b465ee728b)  -> (artifact id: 'c469328cbcf1d097a6f4981680907c15') in 0.010216 seconds
  Import took 0.012145 seconds .

========================================================================
Received Import Request.
  Time since last request: 11.135648 seconds.
  path: Assets/Scenes/Main.unity
  artifactKey: Guid(9fc0d4010bbf28b4594072e72b8655ab) Importer(815301076,1909f56bfc062723c751e8b465ee728b)
Start importing Assets/Scenes/Main.unity using Guid(9fc0d4010bbf28b4594072e72b8655ab) Importer(815301076,1909f56bfc062723c751e8b465ee728b)  -> (artifact id: 'acdcd549d3e520f3ed4d8da4eaf0aafb') in 0.001138 seconds
  Import took 0.002996 seconds .

